# JRE version: OpenJDK Runtime Environment (11.0.11+9) (build 11.0.11+9-b60-7590822)
# Java VM: OpenJDK 64-Bit Server VM (11.0.11+9-b60-7590822, mixed mode, tiered, compressed oops, g1 gc, windows-amd64)
Heap:
 garbage-first heap   total 152576K, used 63346K [0x0000000080000000, 0x0000000100000000)
  region size 1024K, 29 young (29696K), 10 survivors (10240K)
 Metaspace       used 49153K, capacity 50513K, committed 50636K, reserved 1093632K
  class space    used 6279K, capacity 6751K, committed 6860K, reserved 1048576K
GC Heap History (16 events):
Event: 0.698 GC heap before
{Heap before GC invocations=0 (full 0):
 garbage-first heap   total 126976K, used 29696K [0x0000000080000000, 0x0000000100000000)
  region size 1024K, 24 young (24576K), 0 survivors (0K)
 Metaspace       used 9882K, capacity 10114K, committed 10368K, reserved 1058816K
  class space    used 1027K, capacity 1102K, committed 1152K, reserved 1048576K
}
Event: 0.706 GC heap after
{Heap after GC invocations=1 (full 0):
 garbage-first heap   total 126976K, used 9260K [0x0000000080000000, 0x0000000100000000)
  region size 1024K, 3 young (3072K), 3 survivors (3072K)
 Metaspace       used 9882K, capacity 10114K, committed 10368K, reserved 1058816K
  class space    used 1027K, capacity 1102K, committed 1152K, reserved 1048576K
}
Event: 1.731 GC heap before
{Heap before GC invocations=1 (full 0):
 garbage-first heap   total 126976K, used 81964K [0x0000000080000000, 0x0000000100000000)
  region size 1024K, 74 young (75776K), 3 survivors (3072K)
 Metaspace       used 17528K, capacity 17922K, committed 18176K, reserved 1064960K
  class space    used 2071K, capacity 2217K, committed 2304K, reserved 1048576K
}
Event: 1.737 GC heap after
{Heap after GC invocations=2 (full 0):
 garbage-first heap   total 126976K, used 15848K [0x0000000080000000, 0x0000000100000000)
  region size 1024K, 10 young (10240K), 10 survivors (10240K)
 Metaspace       used 17528K, capacity 17922K, committed 18176K, reserved 1064960K
  class space    used 2071K, capacity 2217K, committed 2304K, reserved 1048576K
}
Event: 1.952 GC heap before
{Heap before GC invocations=2 (full 0):
 garbage-first heap   total 126976K, used 42472K [0x0000000080000000, 0x0000000100000000)
  region size 1024K, 37 young (37888K), 10 survivors (10240K)
 Metaspace       used 20653K, capacity 21075K, committed 21248K, reserved 1067008K
  class space    used 2537K, capacity 2693K, committed 2816K, reserved 1048576K
}
Event: 1.959 GC heap after
{Heap after GC invocations=3 (full 0):
 garbage-first heap   total 126976K, used 16958K [0x0000000080000000, 0x0000000100000000)
  region size 1024K, 2 young (2048K), 2 survivors (2048K)
 Metaspace       used 20653K, capacity 21075K, committed 21248K, reserved 1067008K
  class space    used 2537K, capacity 2693K, committed 2816K, reserved 1048576K
}
Event: 2.452 GC heap before
{Heap before GC invocations=4 (full 0):
 garbage-first heap   total 126976K, used 75326K [0x0000000080000000, 0x0000000100000000)
  region size 1024K, 59 young (60416K), 2 survivors (2048K)
 Metaspace       used 26311K, capacity 26892K, committed 27008K, reserved 1073152K
  class space    used 3455K, capacity 3681K, committed 3712K, reserved 1048576K
}
Event: 2.455 GC heap after
{Heap after GC invocations=5 (full 0):
 garbage-first heap   total 126976K, used 18920K [0x0000000080000000, 0x0000000100000000)
  region size 1024K, 3 young (3072K), 3 survivors (3072K)
 Metaspace       used 26311K, capacity 26892K, committed 27008K, reserved 1073152K
  class space    used 3455K, capacity 3681K, committed 3712K, reserved 1048576K
}
Event: 3.149 GC heap before
{Heap before GC invocations=5 (full 0):
 garbage-first heap   total 126976K, used 73192K [0x0000000080000000, 0x0000000100000000)
  region size 1024K, 57 young (58368K), 3 survivors (3072K)
 Metaspace       used 35013K, capacity 35785K, committed 35840K, reserved 1081344K
  class space    used 4558K, capacity 4863K, committed 4864K, reserved 1048576K
}
Event: 3.156 GC heap after
{Heap after GC invocations=6 (full 0):
 garbage-first heap   total 126976K, used 22516K [0x0000000080000000, 0x0000000100000000)
  region size 1024K, 7 young (7168K), 7 survivors (7168K)
 Metaspace       used 35013K, capacity 35785K, committed 35840K, reserved 1081344K
  class space    used 4558K, capacity 4863K, committed 4864K, reserved 1048576K
}
Event: 3.798 GC heap before
{Heap before GC invocations=7 (full 0):
 garbage-first heap   total 126976K, used 86004K [0x0000000080000000, 0x0000000100000000)
  region size 1024K, 67 young (68608K), 7 survivors (7168K)
 Metaspace       used 39255K, capacity 40207K, committed 40268K, reserved 1083392K
  class space    used 5039K, capacity 5393K, committed 5452K, reserved 1048576K
}
Event: 3.810 GC heap after
{Heap after GC invocations=8 (full 0):
 garbage-first heap   total 126976K, used 27455K [0x0000000080000000, 0x0000000100000000)
  region size 1024K, 9 young (9216K), 9 survivors (9216K)
 Metaspace       used 39255K, capacity 40207K, committed 40268K, reserved 1083392K
  class space    used 5039K, capacity 5393K, committed 5452K, reserved 1048576K
}
Event: 5.627 GC heap before
{Heap before GC invocations=8 (full 0):
 garbage-first heap   total 126976K, used 87871K [0x0000000080000000, 0x0000000100000000)
  region size 1024K, 68 young (69632K), 9 survivors (9216K)
 Metaspace       used 44852K, capacity 45901K, committed 46156K, reserved 1089536K
  class space    used 5765K, capacity 6130K, committed 6220K, reserved 1048576K
}
Event: 5.637 GC heap after
{Heap after GC invocations=9 (full 0):
 garbage-first heap   total 152576K, used 29696K [0x0000000080000000, 0x0000000100000000)
  region size 1024K, 3 young (3072K), 3 survivors (3072K)
 Metaspace       used 44852K, capacity 45901K, committed 46156K, reserved 1089536K
  class space    used 5765K, capacity 6130K, committed 6220K, reserved 1048576K
}
Event: 10.447 GC heap before
{Heap before GC invocations=9 (full 0):
 garbage-first heap   total 152576K, used 111616K [0x0000000080000000, 0x0000000100000000)
  region size 1024K, 76 young (77824K), 3 survivors (3072K)
 Metaspace       used 48030K, capacity 49285K, committed 49356K, reserved 1091584K
  class space    used 6124K, capacity 6590K, committed 6604K, reserved 1048576K
}
Event: 10.458 GC heap after
{Heap after GC invocations=10 (full 0):
 garbage-first heap   total 152576K, used 43890K [0x0000000080000000, 0x0000000100000000)
  region size 1024K, 10 young (10240K), 10 survivors (10240K)
 Metaspace       used 48030K, capacity 49285K, committed 49356K, reserved 1091584K
  class space    used 6124K, capacity 6590K, committed 6604K, reserved 1048576K
}

